<?xml version="1.0" encoding="UTF-8"?>
<testsuites tests="1" failures="0" disabled="0" errors="0" time="0" timestamp="2025-06-08T20:41:45.994" name="AllTests">
  <testsuite name="SimpleTest" tests="1" failures="0" disabled="0" skipped="0" errors="0" time="0" timestamp="2025-06-08T20:41:45.994">
    <testcase name="BasicTest" file="/Users/zengjingyuan/Projects/Adelaide-Fringe/adelaide-fringe-backend/tests/simple_test.cpp" line="4" status="run" result="completed" time="0" timestamp="2025-06-08T20:41:45.994" classname="SimpleTest" />
  </testsuite>
</testsuites>
